[0.050s] DEBUG:colcon:Command line arguments: ['/usr/bin/colcon', 'build', '--packages-select', 'simple_nav2']
[0.050s] DEBUG:colcon:Parsed command line arguments: Namespace(log_base=None, log_level=None, verb_name='build', build_base='build', install_base='install', merge_install=False, symlink_install=False, test_result_base=None, continue_on_error=False, executor='parallel', parallel_workers=32, event_handlers=None, ignore_user_meta=False, metas=['./colcon.meta'], base_paths=['.'], packages_ignore=None, packages_ignore_regex=None, paths=None, packages_up_to=None, packages_up_to_regex=None, packages_above=None, packages_above_and_dependencies=None, packages_above_depth=None, packages_select_by_dep=None, packages_skip_by_dep=None, packages_skip_up_to=None, packages_select_build_failed=False, packages_skip_build_finished=False, packages_select_test_failures=False, packages_skip_test_passed=False, packages_select=['simple_nav2'], packages_skip=None, packages_select_regex=None, packages_skip_regex=None, packages_start=None, packages_end=None, allow_overriding=[], cmake_args=None, cmake_target=None, cmake_target_skip_unavailable=False, cmake_clean_cache=False, cmake_clean_first=False, cmake_force_configure=False, ament_cmake_args=None, catkin_cmake_args=None, catkin_skip_building_tests=False, mixin_files=None, mixin=None, verb_parser=<colcon_mixin.mixin.mixin_argument.MixinArgumentDecorator object at 0x7d9ba098a920>, verb_extension=<colcon_core.verb.build.BuildVerb object at 0x7d9ba098a3e0>, main=<bound method BuildVerb.main of <colcon_core.verb.build.BuildVerb object at 0x7d9ba098a3e0>>, mixin_verb=('build',))
[0.067s] Level 1:colcon.colcon_core.package_discovery:discover_packages(colcon_meta) check parameters
[0.067s] Level 1:colcon.colcon_core.package_discovery:discover_packages(recursive) check parameters
[0.067s] Level 1:colcon.colcon_core.package_discovery:discover_packages(ignore) check parameters
[0.067s] Level 1:colcon.colcon_core.package_discovery:discover_packages(path) check parameters
[0.067s] Level 1:colcon.colcon_core.package_discovery:discover_packages(colcon_meta) discover
[0.067s] Level 1:colcon.colcon_core.package_discovery:discover_packages(recursive) discover
[0.067s] INFO:colcon.colcon_core.package_discovery:Crawling recursively for packages in '/home/blaine/GrizzHack/icare-central'
[0.067s] Level 1:colcon.colcon_core.package_identification:_identify(.) by extensions ['ignore', 'ignore_ament_install']
[0.067s] Level 1:colcon.colcon_core.package_identification:_identify(.) by extension 'ignore'
[0.067s] Level 1:colcon.colcon_core.package_identification:_identify(.) by extension 'ignore_ament_install'
[0.067s] Level 1:colcon.colcon_core.package_identification:_identify(.) by extensions ['colcon_pkg']
[0.067s] Level 1:colcon.colcon_core.package_identification:_identify(.) by extension 'colcon_pkg'
[0.067s] Level 1:colcon.colcon_core.package_identification:_identify(.) by extensions ['colcon_meta']
[0.067s] Level 1:colcon.colcon_core.package_identification:_identify(.) by extension 'colcon_meta'
[0.067s] Level 1:colcon.colcon_core.package_identification:_identify(.) by extensions ['ros']
[0.067s] Level 1:colcon.colcon_core.package_identification:_identify(.) by extension 'ros'
[0.074s] Level 1:colcon.colcon_core.package_identification:_identify(.) by extensions ['cmake', 'python']
[0.074s] Level 1:colcon.colcon_core.package_identification:_identify(.) by extension 'cmake'
[0.074s] Level 1:colcon.colcon_core.package_identification:_identify(.) by extension 'python'
[0.074s] Level 1:colcon.colcon_core.package_identification:_identify(.) by extensions ['python_setup_py']
[0.074s] Level 1:colcon.colcon_core.package_identification:_identify(.) by extension 'python_setup_py'
[0.074s] Level 1:colcon.colcon_core.package_identification:_identify(build) by extensions ['ignore', 'ignore_ament_install']
[0.074s] Level 1:colcon.colcon_core.package_identification:_identify(build) by extension 'ignore'
[0.074s] Level 1:colcon.colcon_core.package_identification:_identify(build) ignored
[0.074s] Level 1:colcon.colcon_core.package_identification:_identify(cam_hrv) by extensions ['ignore', 'ignore_ament_install']
[0.074s] Level 1:colcon.colcon_core.package_identification:_identify(cam_hrv) by extension 'ignore'
[0.074s] Level 1:colcon.colcon_core.package_identification:_identify(cam_hrv) by extension 'ignore_ament_install'
[0.074s] Level 1:colcon.colcon_core.package_identification:_identify(cam_hrv) by extensions ['colcon_pkg']
[0.074s] Level 1:colcon.colcon_core.package_identification:_identify(cam_hrv) by extension 'colcon_pkg'
[0.074s] Level 1:colcon.colcon_core.package_identification:_identify(cam_hrv) by extensions ['colcon_meta']
[0.074s] Level 1:colcon.colcon_core.package_identification:_identify(cam_hrv) by extension 'colcon_meta'
[0.074s] Level 1:colcon.colcon_core.package_identification:_identify(cam_hrv) by extensions ['ros']
[0.074s] Level 1:colcon.colcon_core.package_identification:_identify(cam_hrv) by extension 'ros'
[0.076s] DEBUG:colcon.colcon_core.package_identification:Package 'cam_hrv' with type 'ros.ament_python' and name 'heart_rate_monitor'
[0.076s] Level 1:colcon.colcon_core.package_identification:_identify(care-app) by extensions ['ignore', 'ignore_ament_install']
[0.076s] Level 1:colcon.colcon_core.package_identification:_identify(care-app) by extension 'ignore'
[0.076s] Level 1:colcon.colcon_core.package_identification:_identify(care-app) by extension 'ignore_ament_install'
[0.076s] Level 1:colcon.colcon_core.package_identification:_identify(care-app) by extensions ['colcon_pkg']
[0.076s] Level 1:colcon.colcon_core.package_identification:_identify(care-app) by extension 'colcon_pkg'
[0.076s] Level 1:colcon.colcon_core.package_identification:_identify(care-app) by extensions ['colcon_meta']
[0.076s] Level 1:colcon.colcon_core.package_identification:_identify(care-app) by extension 'colcon_meta'
[0.076s] Level 1:colcon.colcon_core.package_identification:_identify(care-app) by extensions ['ros']
[0.076s] Level 1:colcon.colcon_core.package_identification:_identify(care-app) by extension 'ros'
[0.076s] Level 1:colcon.colcon_core.package_identification:_identify(care-app) by extensions ['cmake', 'python']
[0.076s] Level 1:colcon.colcon_core.package_identification:_identify(care-app) by extension 'cmake'
[0.076s] Level 1:colcon.colcon_core.package_identification:_identify(care-app) by extension 'python'
[0.076s] Level 1:colcon.colcon_core.package_identification:_identify(care-app) by extensions ['python_setup_py']
[0.076s] Level 1:colcon.colcon_core.package_identification:_identify(care-app) by extension 'python_setup_py'
[0.076s] Level 1:colcon.colcon_core.package_identification:_identify(care-app/public) by extensions ['ignore', 'ignore_ament_install']
[0.076s] Level 1:colcon.colcon_core.package_identification:_identify(care-app/public) by extension 'ignore'
[0.076s] Level 1:colcon.colcon_core.package_identification:_identify(care-app/public) by extension 'ignore_ament_install'
[0.076s] Level 1:colcon.colcon_core.package_identification:_identify(care-app/public) by extensions ['colcon_pkg']
[0.076s] Level 1:colcon.colcon_core.package_identification:_identify(care-app/public) by extension 'colcon_pkg'
[0.076s] Level 1:colcon.colcon_core.package_identification:_identify(care-app/public) by extensions ['colcon_meta']
[0.076s] Level 1:colcon.colcon_core.package_identification:_identify(care-app/public) by extension 'colcon_meta'
[0.076s] Level 1:colcon.colcon_core.package_identification:_identify(care-app/public) by extensions ['ros']
[0.076s] Level 1:colcon.colcon_core.package_identification:_identify(care-app/public) by extension 'ros'
[0.076s] Level 1:colcon.colcon_core.package_identification:_identify(care-app/public) by extensions ['cmake', 'python']
[0.076s] Level 1:colcon.colcon_core.package_identification:_identify(care-app/public) by extension 'cmake'
[0.076s] Level 1:colcon.colcon_core.package_identification:_identify(care-app/public) by extension 'python'
[0.076s] Level 1:colcon.colcon_core.package_identification:_identify(care-app/public) by extensions ['python_setup_py']
[0.076s] Level 1:colcon.colcon_core.package_identification:_identify(care-app/public) by extension 'python_setup_py'
[0.076s] Level 1:colcon.colcon_core.package_identification:_identify(care-app/src) by extensions ['ignore', 'ignore_ament_install']
[0.076s] Level 1:colcon.colcon_core.package_identification:_identify(care-app/src) by extension 'ignore'
[0.076s] Level 1:colcon.colcon_core.package_identification:_identify(care-app/src) by extension 'ignore_ament_install'
[0.076s] Level 1:colcon.colcon_core.package_identification:_identify(care-app/src) by extensions ['colcon_pkg']
[0.076s] Level 1:colcon.colcon_core.package_identification:_identify(care-app/src) by extension 'colcon_pkg'
[0.076s] Level 1:colcon.colcon_core.package_identification:_identify(care-app/src) by extensions ['colcon_meta']
[0.076s] Level 1:colcon.colcon_core.package_identification:_identify(care-app/src) by extension 'colcon_meta'
[0.076s] Level 1:colcon.colcon_core.package_identification:_identify(care-app/src) by extensions ['ros']
[0.076s] Level 1:colcon.colcon_core.package_identification:_identify(care-app/src) by extension 'ros'
[0.076s] Level 1:colcon.colcon_core.package_identification:_identify(care-app/src) by extensions ['cmake', 'python']
[0.076s] Level 1:colcon.colcon_core.package_identification:_identify(care-app/src) by extension 'cmake'
[0.076s] Level 1:colcon.colcon_core.package_identification:_identify(care-app/src) by extension 'python'
[0.076s] Level 1:colcon.colcon_core.package_identification:_identify(care-app/src) by extensions ['python_setup_py']
[0.076s] Level 1:colcon.colcon_core.package_identification:_identify(care-app/src) by extension 'python_setup_py'
[0.076s] Level 1:colcon.colcon_core.package_identification:_identify(eye_tracking) by extensions ['ignore', 'ignore_ament_install']
[0.076s] Level 1:colcon.colcon_core.package_identification:_identify(eye_tracking) by extension 'ignore'
[0.076s] Level 1:colcon.colcon_core.package_identification:_identify(eye_tracking) by extension 'ignore_ament_install'
[0.076s] Level 1:colcon.colcon_core.package_identification:_identify(eye_tracking) by extensions ['colcon_pkg']
[0.076s] Level 1:colcon.colcon_core.package_identification:_identify(eye_tracking) by extension 'colcon_pkg'
[0.077s] Level 1:colcon.colcon_core.package_identification:_identify(eye_tracking) by extensions ['colcon_meta']
[0.077s] Level 1:colcon.colcon_core.package_identification:_identify(eye_tracking) by extension 'colcon_meta'
[0.077s] Level 1:colcon.colcon_core.package_identification:_identify(eye_tracking) by extensions ['ros']
[0.077s] Level 1:colcon.colcon_core.package_identification:_identify(eye_tracking) by extension 'ros'
[0.077s] Level 1:colcon.colcon_core.package_identification:_identify(eye_tracking) by extensions ['cmake', 'python']
[0.077s] Level 1:colcon.colcon_core.package_identification:_identify(eye_tracking) by extension 'cmake'
[0.077s] Level 1:colcon.colcon_core.package_identification:_identify(eye_tracking) by extension 'python'
[0.077s] Level 1:colcon.colcon_core.package_identification:_identify(eye_tracking) by extensions ['python_setup_py']
[0.077s] Level 1:colcon.colcon_core.package_identification:_identify(eye_tracking) by extension 'python_setup_py'
[0.077s] Level 1:colcon.colcon_core.package_identification:_identify(eye_tracking/gaze_tracking) by extensions ['ignore', 'ignore_ament_install']
[0.077s] Level 1:colcon.colcon_core.package_identification:_identify(eye_tracking/gaze_tracking) by extension 'ignore'
[0.077s] Level 1:colcon.colcon_core.package_identification:_identify(eye_tracking/gaze_tracking) by extension 'ignore_ament_install'
[0.077s] Level 1:colcon.colcon_core.package_identification:_identify(eye_tracking/gaze_tracking) by extensions ['colcon_pkg']
[0.077s] Level 1:colcon.colcon_core.package_identification:_identify(eye_tracking/gaze_tracking) by extension 'colcon_pkg'
[0.077s] Level 1:colcon.colcon_core.package_identification:_identify(eye_tracking/gaze_tracking) by extensions ['colcon_meta']
[0.077s] Level 1:colcon.colcon_core.package_identification:_identify(eye_tracking/gaze_tracking) by extension 'colcon_meta'
[0.077s] Level 1:colcon.colcon_core.package_identification:_identify(eye_tracking/gaze_tracking) by extensions ['ros']
[0.077s] Level 1:colcon.colcon_core.package_identification:_identify(eye_tracking/gaze_tracking) by extension 'ros'
[0.077s] Level 1:colcon.colcon_core.package_identification:_identify(eye_tracking/gaze_tracking) by extensions ['cmake', 'python']
[0.077s] Level 1:colcon.colcon_core.package_identification:_identify(eye_tracking/gaze_tracking) by extension 'cmake'
[0.077s] Level 1:colcon.colcon_core.package_identification:_identify(eye_tracking/gaze_tracking) by extension 'python'
[0.077s] Level 1:colcon.colcon_core.package_identification:_identify(eye_tracking/gaze_tracking) by extensions ['python_setup_py']
[0.077s] Level 1:colcon.colcon_core.package_identification:_identify(eye_tracking/gaze_tracking) by extension 'python_setup_py'
[0.077s] Level 1:colcon.colcon_core.package_identification:_identify(eye_tracking/gaze_tracking/__pycache__) by extensions ['ignore', 'ignore_ament_install']
[0.077s] Level 1:colcon.colcon_core.package_identification:_identify(eye_tracking/gaze_tracking/__pycache__) by extension 'ignore'
[0.077s] Level 1:colcon.colcon_core.package_identification:_identify(eye_tracking/gaze_tracking/__pycache__) by extension 'ignore_ament_install'
[0.077s] Level 1:colcon.colcon_core.package_identification:_identify(eye_tracking/gaze_tracking/__pycache__) by extensions ['colcon_pkg']
[0.077s] Level 1:colcon.colcon_core.package_identification:_identify(eye_tracking/gaze_tracking/__pycache__) by extension 'colcon_pkg'
[0.077s] Level 1:colcon.colcon_core.package_identification:_identify(eye_tracking/gaze_tracking/__pycache__) by extensions ['colcon_meta']
[0.077s] Level 1:colcon.colcon_core.package_identification:_identify(eye_tracking/gaze_tracking/__pycache__) by extension 'colcon_meta'
[0.077s] Level 1:colcon.colcon_core.package_identification:_identify(eye_tracking/gaze_tracking/__pycache__) by extensions ['ros']
[0.077s] Level 1:colcon.colcon_core.package_identification:_identify(eye_tracking/gaze_tracking/__pycache__) by extension 'ros'
[0.077s] Level 1:colcon.colcon_core.package_identification:_identify(eye_tracking/gaze_tracking/__pycache__) by extensions ['cmake', 'python']
[0.077s] Level 1:colcon.colcon_core.package_identification:_identify(eye_tracking/gaze_tracking/__pycache__) by extension 'cmake'
[0.077s] Level 1:colcon.colcon_core.package_identification:_identify(eye_tracking/gaze_tracking/__pycache__) by extension 'python'
[0.077s] Level 1:colcon.colcon_core.package_identification:_identify(eye_tracking/gaze_tracking/__pycache__) by extensions ['python_setup_py']
[0.077s] Level 1:colcon.colcon_core.package_identification:_identify(eye_tracking/gaze_tracking/__pycache__) by extension 'python_setup_py'
[0.077s] Level 1:colcon.colcon_core.package_identification:_identify(eye_tracking/gaze_tracking/trained_models) by extensions ['ignore', 'ignore_ament_install']
[0.077s] Level 1:colcon.colcon_core.package_identification:_identify(eye_tracking/gaze_tracking/trained_models) by extension 'ignore'
[0.077s] Level 1:colcon.colcon_core.package_identification:_identify(eye_tracking/gaze_tracking/trained_models) by extension 'ignore_ament_install'
[0.077s] Level 1:colcon.colcon_core.package_identification:_identify(eye_tracking/gaze_tracking/trained_models) by extensions ['colcon_pkg']
[0.077s] Level 1:colcon.colcon_core.package_identification:_identify(eye_tracking/gaze_tracking/trained_models) by extension 'colcon_pkg'
[0.077s] Level 1:colcon.colcon_core.package_identification:_identify(eye_tracking/gaze_tracking/trained_models) by extensions ['colcon_meta']
[0.077s] Level 1:colcon.colcon_core.package_identification:_identify(eye_tracking/gaze_tracking/trained_models) by extension 'colcon_meta'
[0.077s] Level 1:colcon.colcon_core.package_identification:_identify(eye_tracking/gaze_tracking/trained_models) by extensions ['ros']
[0.077s] Level 1:colcon.colcon_core.package_identification:_identify(eye_tracking/gaze_tracking/trained_models) by extension 'ros'
[0.077s] Level 1:colcon.colcon_core.package_identification:_identify(eye_tracking/gaze_tracking/trained_models) by extensions ['cmake', 'python']
[0.077s] Level 1:colcon.colcon_core.package_identification:_identify(eye_tracking/gaze_tracking/trained_models) by extension 'cmake'
[0.077s] Level 1:colcon.colcon_core.package_identification:_identify(eye_tracking/gaze_tracking/trained_models) by extension 'python'
[0.077s] Level 1:colcon.colcon_core.package_identification:_identify(eye_tracking/gaze_tracking/trained_models) by extensions ['python_setup_py']
[0.077s] Level 1:colcon.colcon_core.package_identification:_identify(eye_tracking/gaze_tracking/trained_models) by extension 'python_setup_py'
[0.077s] Level 1:colcon.colcon_core.package_identification:_identify(eye_tracking/resource) by extensions ['ignore', 'ignore_ament_install']
[0.077s] Level 1:colcon.colcon_core.package_identification:_identify(eye_tracking/resource) by extension 'ignore'
[0.077s] Level 1:colcon.colcon_core.package_identification:_identify(eye_tracking/resource) by extension 'ignore_ament_install'
[0.077s] Level 1:colcon.colcon_core.package_identification:_identify(eye_tracking/resource) by extensions ['colcon_pkg']
[0.077s] Level 1:colcon.colcon_core.package_identification:_identify(eye_tracking/resource) by extension 'colcon_pkg'
[0.077s] Level 1:colcon.colcon_core.package_identification:_identify(eye_tracking/resource) by extensions ['colcon_meta']
[0.077s] Level 1:colcon.colcon_core.package_identification:_identify(eye_tracking/resource) by extension 'colcon_meta'
[0.077s] Level 1:colcon.colcon_core.package_identification:_identify(eye_tracking/resource) by extensions ['ros']
[0.077s] Level 1:colcon.colcon_core.package_identification:_identify(eye_tracking/resource) by extension 'ros'
[0.078s] Level 1:colcon.colcon_core.package_identification:_identify(eye_tracking/resource) by extensions ['cmake', 'python']
[0.078s] Level 1:colcon.colcon_core.package_identification:_identify(eye_tracking/resource) by extension 'cmake'
[0.078s] Level 1:colcon.colcon_core.package_identification:_identify(eye_tracking/resource) by extension 'python'
[0.078s] Level 1:colcon.colcon_core.package_identification:_identify(eye_tracking/resource) by extensions ['python_setup_py']
[0.078s] Level 1:colcon.colcon_core.package_identification:_identify(eye_tracking/resource) by extension 'python_setup_py'
[0.078s] Level 1:colcon.colcon_core.package_identification:_identify(icare-imu) by extensions ['ignore', 'ignore_ament_install']
[0.078s] Level 1:colcon.colcon_core.package_identification:_identify(icare-imu) by extension 'ignore'
[0.078s] Level 1:colcon.colcon_core.package_identification:_identify(icare-imu) by extension 'ignore_ament_install'
[0.078s] Level 1:colcon.colcon_core.package_identification:_identify(icare-imu) by extensions ['colcon_pkg']
[0.078s] Level 1:colcon.colcon_core.package_identification:_identify(icare-imu) by extension 'colcon_pkg'
[0.078s] Level 1:colcon.colcon_core.package_identification:_identify(icare-imu) by extensions ['colcon_meta']
[0.078s] Level 1:colcon.colcon_core.package_identification:_identify(icare-imu) by extension 'colcon_meta'
[0.078s] Level 1:colcon.colcon_core.package_identification:_identify(icare-imu) by extensions ['ros']
[0.078s] Level 1:colcon.colcon_core.package_identification:_identify(icare-imu) by extension 'ros'
[0.078s] Level 1:colcon.colcon_core.package_identification:_identify(icare-imu) by extensions ['cmake', 'python']
[0.078s] Level 1:colcon.colcon_core.package_identification:_identify(icare-imu) by extension 'cmake'
[0.078s] Level 1:colcon.colcon_core.package_identification:_identify(icare-imu) by extension 'python'
[0.078s] Level 1:colcon.colcon_core.package_identification:_identify(icare-imu) by extensions ['python_setup_py']
[0.078s] Level 1:colcon.colcon_core.package_identification:_identify(icare-imu) by extension 'python_setup_py'
[0.078s] Level 1:colcon.colcon_core.package_identification:_identify(icare-imu/imudata) by extensions ['ignore', 'ignore_ament_install']
[0.078s] Level 1:colcon.colcon_core.package_identification:_identify(icare-imu/imudata) by extension 'ignore'
[0.078s] Level 1:colcon.colcon_core.package_identification:_identify(icare-imu/imudata) by extension 'ignore_ament_install'
[0.078s] Level 1:colcon.colcon_core.package_identification:_identify(icare-imu/imudata) by extensions ['colcon_pkg']
[0.078s] Level 1:colcon.colcon_core.package_identification:_identify(icare-imu/imudata) by extension 'colcon_pkg'
[0.078s] Level 1:colcon.colcon_core.package_identification:_identify(icare-imu/imudata) by extensions ['colcon_meta']
[0.078s] Level 1:colcon.colcon_core.package_identification:_identify(icare-imu/imudata) by extension 'colcon_meta'
[0.078s] Level 1:colcon.colcon_core.package_identification:_identify(icare-imu/imudata) by extensions ['ros']
[0.078s] Level 1:colcon.colcon_core.package_identification:_identify(icare-imu/imudata) by extension 'ros'
[0.078s] Level 1:colcon.colcon_core.package_identification:_identify(icare-imu/imudata) by extensions ['cmake', 'python']
[0.078s] Level 1:colcon.colcon_core.package_identification:_identify(icare-imu/imudata) by extension 'cmake'
[0.078s] Level 1:colcon.colcon_core.package_identification:_identify(icare-imu/imudata) by extension 'python'
[0.078s] Level 1:colcon.colcon_core.package_identification:_identify(icare-imu/imudata) by extensions ['python_setup_py']
[0.078s] Level 1:colcon.colcon_core.package_identification:_identify(icare-imu/imudata) by extension 'python_setup_py'
[0.078s] Level 1:colcon.colcon_core.package_identification:_identify(icare-mongo) by extensions ['ignore', 'ignore_ament_install']
[0.078s] Level 1:colcon.colcon_core.package_identification:_identify(icare-mongo) by extension 'ignore'
[0.078s] Level 1:colcon.colcon_core.package_identification:_identify(icare-mongo) by extension 'ignore_ament_install'
[0.078s] Level 1:colcon.colcon_core.package_identification:_identify(icare-mongo) by extensions ['colcon_pkg']
[0.078s] Level 1:colcon.colcon_core.package_identification:_identify(icare-mongo) by extension 'colcon_pkg'
[0.078s] Level 1:colcon.colcon_core.package_identification:_identify(icare-mongo) by extensions ['colcon_meta']
[0.078s] Level 1:colcon.colcon_core.package_identification:_identify(icare-mongo) by extension 'colcon_meta'
[0.078s] Level 1:colcon.colcon_core.package_identification:_identify(icare-mongo) by extensions ['ros']
[0.078s] Level 1:colcon.colcon_core.package_identification:_identify(icare-mongo) by extension 'ros'
[0.078s] Level 1:colcon.colcon_core.package_identification:_identify(icare-mongo) by extensions ['cmake', 'python']
[0.078s] Level 1:colcon.colcon_core.package_identification:_identify(icare-mongo) by extension 'cmake'
[0.078s] Level 1:colcon.colcon_core.package_identification:_identify(icare-mongo) by extension 'python'
[0.078s] Level 1:colcon.colcon_core.package_identification:_identify(icare-mongo) by extensions ['python_setup_py']
[0.078s] Level 1:colcon.colcon_core.package_identification:_identify(icare-mongo) by extension 'python_setup_py'
[0.078s] Level 1:colcon.colcon_core.package_identification:_identify(icare-nav) by extensions ['ignore', 'ignore_ament_install']
[0.078s] Level 1:colcon.colcon_core.package_identification:_identify(icare-nav) by extension 'ignore'
[0.078s] Level 1:colcon.colcon_core.package_identification:_identify(icare-nav) by extension 'ignore_ament_install'
[0.078s] Level 1:colcon.colcon_core.package_identification:_identify(icare-nav) by extensions ['colcon_pkg']
[0.078s] Level 1:colcon.colcon_core.package_identification:_identify(icare-nav) by extension 'colcon_pkg'
[0.078s] Level 1:colcon.colcon_core.package_identification:_identify(icare-nav) by extensions ['colcon_meta']
[0.078s] Level 1:colcon.colcon_core.package_identification:_identify(icare-nav) by extension 'colcon_meta'
[0.078s] Level 1:colcon.colcon_core.package_identification:_identify(icare-nav) by extensions ['ros']
[0.078s] Level 1:colcon.colcon_core.package_identification:_identify(icare-nav) by extension 'ros'
[0.079s] DEBUG:colcon.colcon_core.package_identification:Package 'icare-nav' with type 'ros.ament_cmake' and name 'simple_nav2'
[0.079s] Level 1:colcon.colcon_core.package_identification:_identify(icare-patient) by extensions ['ignore', 'ignore_ament_install']
[0.079s] Level 1:colcon.colcon_core.package_identification:_identify(icare-patient) by extension 'ignore'
[0.079s] Level 1:colcon.colcon_core.package_identification:_identify(icare-patient) by extension 'ignore_ament_install'
[0.079s] Level 1:colcon.colcon_core.package_identification:_identify(icare-patient) by extensions ['colcon_pkg']
[0.079s] Level 1:colcon.colcon_core.package_identification:_identify(icare-patient) by extension 'colcon_pkg'
[0.079s] Level 1:colcon.colcon_core.package_identification:_identify(icare-patient) by extensions ['colcon_meta']
[0.079s] Level 1:colcon.colcon_core.package_identification:_identify(icare-patient) by extension 'colcon_meta'
[0.079s] Level 1:colcon.colcon_core.package_identification:_identify(icare-patient) by extensions ['ros']
[0.079s] Level 1:colcon.colcon_core.package_identification:_identify(icare-patient) by extension 'ros'
[0.079s] Level 1:colcon.colcon_core.package_identification:_identify(icare-patient) by extensions ['cmake', 'python']
[0.079s] Level 1:colcon.colcon_core.package_identification:_identify(icare-patient) by extension 'cmake'
[0.079s] Level 1:colcon.colcon_core.package_identification:_identify(icare-patient) by extension 'python'
[0.079s] Level 1:colcon.colcon_core.package_identification:_identify(icare-patient) by extensions ['python_setup_py']
[0.079s] Level 1:colcon.colcon_core.package_identification:_identify(icare-patient) by extension 'python_setup_py'
[0.079s] Level 1:colcon.colcon_core.package_identification:_identify(icare-patient/public) by extensions ['ignore', 'ignore_ament_install']
[0.079s] Level 1:colcon.colcon_core.package_identification:_identify(icare-patient/public) by extension 'ignore'
[0.079s] Level 1:colcon.colcon_core.package_identification:_identify(icare-patient/public) by extension 'ignore_ament_install'
[0.079s] Level 1:colcon.colcon_core.package_identification:_identify(icare-patient/public) by extensions ['colcon_pkg']
[0.079s] Level 1:colcon.colcon_core.package_identification:_identify(icare-patient/public) by extension 'colcon_pkg'
[0.079s] Level 1:colcon.colcon_core.package_identification:_identify(icare-patient/public) by extensions ['colcon_meta']
[0.079s] Level 1:colcon.colcon_core.package_identification:_identify(icare-patient/public) by extension 'colcon_meta'
[0.079s] Level 1:colcon.colcon_core.package_identification:_identify(icare-patient/public) by extensions ['ros']
[0.079s] Level 1:colcon.colcon_core.package_identification:_identify(icare-patient/public) by extension 'ros'
[0.079s] Level 1:colcon.colcon_core.package_identification:_identify(icare-patient/public) by extensions ['cmake', 'python']
[0.079s] Level 1:colcon.colcon_core.package_identification:_identify(icare-patient/public) by extension 'cmake'
[0.079s] Level 1:colcon.colcon_core.package_identification:_identify(icare-patient/public) by extension 'python'
[0.079s] Level 1:colcon.colcon_core.package_identification:_identify(icare-patient/public) by extensions ['python_setup_py']
[0.079s] Level 1:colcon.colcon_core.package_identification:_identify(icare-patient/public) by extension 'python_setup_py'
[0.079s] Level 1:colcon.colcon_core.package_identification:_identify(icare-patient/src) by extensions ['ignore', 'ignore_ament_install']
[0.079s] Level 1:colcon.colcon_core.package_identification:_identify(icare-patient/src) by extension 'ignore'
[0.079s] Level 1:colcon.colcon_core.package_identification:_identify(icare-patient/src) by extension 'ignore_ament_install'
[0.079s] Level 1:colcon.colcon_core.package_identification:_identify(icare-patient/src) by extensions ['colcon_pkg']
[0.079s] Level 1:colcon.colcon_core.package_identification:_identify(icare-patient/src) by extension 'colcon_pkg'
[0.079s] Level 1:colcon.colcon_core.package_identification:_identify(icare-patient/src) by extensions ['colcon_meta']
[0.079s] Level 1:colcon.colcon_core.package_identification:_identify(icare-patient/src) by extension 'colcon_meta'
[0.079s] Level 1:colcon.colcon_core.package_identification:_identify(icare-patient/src) by extensions ['ros']
[0.079s] Level 1:colcon.colcon_core.package_identification:_identify(icare-patient/src) by extension 'ros'
[0.079s] Level 1:colcon.colcon_core.package_identification:_identify(icare-patient/src) by extensions ['cmake', 'python']
[0.079s] Level 1:colcon.colcon_core.package_identification:_identify(icare-patient/src) by extension 'cmake'
[0.079s] Level 1:colcon.colcon_core.package_identification:_identify(icare-patient/src) by extension 'python'
[0.079s] Level 1:colcon.colcon_core.package_identification:_identify(icare-patient/src) by extensions ['python_setup_py']
[0.079s] Level 1:colcon.colcon_core.package_identification:_identify(icare-patient/src) by extension 'python_setup_py'
[0.080s] Level 1:colcon.colcon_core.package_identification:_identify(icare-patient/src/components) by extensions ['ignore', 'ignore_ament_install']
[0.080s] Level 1:colcon.colcon_core.package_identification:_identify(icare-patient/src/components) by extension 'ignore'
[0.080s] Level 1:colcon.colcon_core.package_identification:_identify(icare-patient/src/components) by extension 'ignore_ament_install'
[0.080s] Level 1:colcon.colcon_core.package_identification:_identify(icare-patient/src/components) by extensions ['colcon_pkg']
[0.080s] Level 1:colcon.colcon_core.package_identification:_identify(icare-patient/src/components) by extension 'colcon_pkg'
[0.080s] Level 1:colcon.colcon_core.package_identification:_identify(icare-patient/src/components) by extensions ['colcon_meta']
[0.080s] Level 1:colcon.colcon_core.package_identification:_identify(icare-patient/src/components) by extension 'colcon_meta'
[0.080s] Level 1:colcon.colcon_core.package_identification:_identify(icare-patient/src/components) by extensions ['ros']
[0.080s] Level 1:colcon.colcon_core.package_identification:_identify(icare-patient/src/components) by extension 'ros'
[0.080s] Level 1:colcon.colcon_core.package_identification:_identify(icare-patient/src/components) by extensions ['cmake', 'python']
[0.080s] Level 1:colcon.colcon_core.package_identification:_identify(icare-patient/src/components) by extension 'cmake'
[0.080s] Level 1:colcon.colcon_core.package_identification:_identify(icare-patient/src/components) by extension 'python'
[0.080s] Level 1:colcon.colcon_core.package_identification:_identify(icare-patient/src/components) by extensions ['python_setup_py']
[0.080s] Level 1:colcon.colcon_core.package_identification:_identify(icare-patient/src/components) by extension 'python_setup_py'
[0.080s] Level 1:colcon.colcon_core.package_identification:_identify(install) by extensions ['ignore', 'ignore_ament_install']
[0.080s] Level 1:colcon.colcon_core.package_identification:_identify(install) by extension 'ignore'
[0.080s] Level 1:colcon.colcon_core.package_identification:_identify(install) ignored
[0.080s] Level 1:colcon.colcon_core.package_identification:_identify(log) by extensions ['ignore', 'ignore_ament_install']
[0.080s] Level 1:colcon.colcon_core.package_identification:_identify(log) by extension 'ignore'
[0.080s] Level 1:colcon.colcon_core.package_identification:_identify(log) ignored
[0.080s] Level 1:colcon.colcon_core.package_discovery:discover_packages(recursive) using defaults
[0.080s] Level 1:colcon.colcon_core.package_discovery:discover_packages(ignore) discover
[0.080s] Level 1:colcon.colcon_core.package_discovery:discover_packages(ignore) using defaults
[0.080s] Level 1:colcon.colcon_core.package_discovery:discover_packages(path) discover
[0.080s] Level 1:colcon.colcon_core.package_discovery:discover_packages(path) using defaults
[0.089s] INFO:colcon.colcon_core.package_selection:Skipping not selected package 'heart_rate_monitor' in 'cam_hrv'
[0.090s] Level 1:colcon.colcon_core.package_discovery:discover_packages(prefix_path) check parameters
[0.090s] Level 1:colcon.colcon_core.package_discovery:discover_packages(prefix_path) discover
[0.091s] DEBUG:colcon.colcon_installed_package_information.package_discovery:Found 6 installed packages in /home/blaine/WayneHacks3/360_Cam_Lidar_Fusion/install
[0.091s] DEBUG:colcon.colcon_installed_package_information.package_discovery:Found 13 installed packages in /home/blaine/ros2_ws/install
[0.091s] DEBUG:colcon.colcon_installed_package_information.package_discovery:Found 322 installed packages in /opt/ros/humble
[0.092s] Level 1:colcon.colcon_core.package_discovery:discover_packages(prefix_path) using defaults
[0.109s] Level 5:colcon.colcon_core.verb:set package 'simple_nav2' build argument 'cmake_args' from command line to 'None'
[0.109s] Level 5:colcon.colcon_core.verb:set package 'simple_nav2' build argument 'cmake_target' from command line to 'None'
[0.109s] Level 5:colcon.colcon_core.verb:set package 'simple_nav2' build argument 'cmake_target_skip_unavailable' from command line to 'False'
[0.109s] Level 5:colcon.colcon_core.verb:set package 'simple_nav2' build argument 'cmake_clean_cache' from command line to 'False'
[0.109s] Level 5:colcon.colcon_core.verb:set package 'simple_nav2' build argument 'cmake_clean_first' from command line to 'False'
[0.109s] Level 5:colcon.colcon_core.verb:set package 'simple_nav2' build argument 'cmake_force_configure' from command line to 'False'
[0.109s] Level 5:colcon.colcon_core.verb:set package 'simple_nav2' build argument 'ament_cmake_args' from command line to 'None'
[0.109s] Level 5:colcon.colcon_core.verb:set package 'simple_nav2' build argument 'catkin_cmake_args' from command line to 'None'
[0.109s] Level 5:colcon.colcon_core.verb:set package 'simple_nav2' build argument 'catkin_skip_building_tests' from command line to 'False'
[0.109s] DEBUG:colcon.colcon_core.verb:Building package 'simple_nav2' with the following arguments: {'ament_cmake_args': None, 'build_base': '/home/blaine/GrizzHack/icare-central/build/simple_nav2', 'catkin_cmake_args': None, 'catkin_skip_building_tests': False, 'cmake_args': None, 'cmake_clean_cache': False, 'cmake_clean_first': False, 'cmake_force_configure': False, 'cmake_target': None, 'cmake_target_skip_unavailable': False, 'install_base': '/home/blaine/GrizzHack/icare-central/install/simple_nav2', 'merge_install': False, 'path': '/home/blaine/GrizzHack/icare-central/icare-nav', 'symlink_install': False, 'test_result_base': None}
[0.109s] INFO:colcon.colcon_core.executor:Executing jobs using 'parallel' executor
[0.110s] DEBUG:colcon.colcon_parallel_executor.executor.parallel:run_until_complete
[0.110s] INFO:colcon.colcon_ros.task.ament_cmake.build:Building ROS package in '/home/blaine/GrizzHack/icare-central/icare-nav' with build type 'ament_cmake'
[0.110s] INFO:colcon.colcon_cmake.task.cmake.build:Building CMake package in '/home/blaine/GrizzHack/icare-central/icare-nav'
[0.111s] INFO:colcon.colcon_core.plugin_system:Skipping extension 'colcon_core.shell.bat': Not used on non-Windows systems
[0.111s] INFO:colcon.colcon_core.shell:Skip shell extension 'powershell' for command environment: Not usable outside of PowerShell
[0.111s] DEBUG:colcon.colcon_core.shell:Skip shell extension 'dsv' for command environment
[0.117s] DEBUG:colcon.colcon_core.event_handler.log_command:Invoking command in '/home/blaine/GrizzHack/icare-central/build/simple_nav2': CMAKE_PREFIX_PATH=${CMAKE_PREFIX_PATH}:/home/blaine/WayneHacks3/360_Cam_Lidar_Fusion/install/fusion:/home/blaine/ros2_ws/install/simulation:/home/blaine/ros2_ws/install/shanti_bringup:/home/blaine/ros2_ws/install/shanti_base:/home/blaine/ros2_ws/install/serial_coms:/home/blaine/ros2_ws/install/perception:/home/blaine/ros2_ws/install/omnivision:/home/blaine/ros2_ws/install/nav_bringup:/home/blaine/ros2_ws/install/localization_bringup:/home/blaine/ros2_ws/install/line_follow:/home/blaine/ros2_ws/install/360_vision_fusion:/opt/ros/humble /home/blaine/.local/bin/cmake /home/blaine/GrizzHack/icare-central/icare-nav -DCMAKE_INSTALL_PREFIX=/home/blaine/GrizzHack/icare-central/install/simple_nav2
[0.968s] DEBUG:colcon.colcon_core.event_handler.log_command:Invoked command in '/home/blaine/GrizzHack/icare-central/build/simple_nav2' returned '0': CMAKE_PREFIX_PATH=${CMAKE_PREFIX_PATH}:/home/blaine/WayneHacks3/360_Cam_Lidar_Fusion/install/fusion:/home/blaine/ros2_ws/install/simulation:/home/blaine/ros2_ws/install/shanti_bringup:/home/blaine/ros2_ws/install/shanti_base:/home/blaine/ros2_ws/install/serial_coms:/home/blaine/ros2_ws/install/perception:/home/blaine/ros2_ws/install/omnivision:/home/blaine/ros2_ws/install/nav_bringup:/home/blaine/ros2_ws/install/localization_bringup:/home/blaine/ros2_ws/install/line_follow:/home/blaine/ros2_ws/install/360_vision_fusion:/opt/ros/humble /home/blaine/.local/bin/cmake /home/blaine/GrizzHack/icare-central/icare-nav -DCMAKE_INSTALL_PREFIX=/home/blaine/GrizzHack/icare-central/install/simple_nav2
[0.969s] DEBUG:colcon.colcon_core.event_handler.log_command:Invoking command in '/home/blaine/GrizzHack/icare-central/build/simple_nav2': CMAKE_PREFIX_PATH=${CMAKE_PREFIX_PATH}:/home/blaine/WayneHacks3/360_Cam_Lidar_Fusion/install/fusion:/home/blaine/ros2_ws/install/simulation:/home/blaine/ros2_ws/install/shanti_bringup:/home/blaine/ros2_ws/install/shanti_base:/home/blaine/ros2_ws/install/serial_coms:/home/blaine/ros2_ws/install/perception:/home/blaine/ros2_ws/install/omnivision:/home/blaine/ros2_ws/install/nav_bringup:/home/blaine/ros2_ws/install/localization_bringup:/home/blaine/ros2_ws/install/line_follow:/home/blaine/ros2_ws/install/360_vision_fusion:/opt/ros/humble /home/blaine/.local/bin/cmake --build /home/blaine/GrizzHack/icare-central/build/simple_nav2 -- -j32 -l32
[7.840s] DEBUG:colcon.colcon_core.event_handler.log_command:Invoked command in '/home/blaine/GrizzHack/icare-central/build/simple_nav2' returned '0': CMAKE_PREFIX_PATH=${CMAKE_PREFIX_PATH}:/home/blaine/WayneHacks3/360_Cam_Lidar_Fusion/install/fusion:/home/blaine/ros2_ws/install/simulation:/home/blaine/ros2_ws/install/shanti_bringup:/home/blaine/ros2_ws/install/shanti_base:/home/blaine/ros2_ws/install/serial_coms:/home/blaine/ros2_ws/install/perception:/home/blaine/ros2_ws/install/omnivision:/home/blaine/ros2_ws/install/nav_bringup:/home/blaine/ros2_ws/install/localization_bringup:/home/blaine/ros2_ws/install/line_follow:/home/blaine/ros2_ws/install/360_vision_fusion:/opt/ros/humble /home/blaine/.local/bin/cmake --build /home/blaine/GrizzHack/icare-central/build/simple_nav2 -- -j32 -l32
[7.859s] DEBUG:colcon.colcon_core.event_handler.log_command:Invoking command in '/home/blaine/GrizzHack/icare-central/build/simple_nav2': CMAKE_PREFIX_PATH=${CMAKE_PREFIX_PATH}:/home/blaine/WayneHacks3/360_Cam_Lidar_Fusion/install/fusion:/home/blaine/ros2_ws/install/simulation:/home/blaine/ros2_ws/install/shanti_bringup:/home/blaine/ros2_ws/install/shanti_base:/home/blaine/ros2_ws/install/serial_coms:/home/blaine/ros2_ws/install/perception:/home/blaine/ros2_ws/install/omnivision:/home/blaine/ros2_ws/install/nav_bringup:/home/blaine/ros2_ws/install/localization_bringup:/home/blaine/ros2_ws/install/line_follow:/home/blaine/ros2_ws/install/360_vision_fusion:/opt/ros/humble /home/blaine/.local/bin/cmake --install /home/blaine/GrizzHack/icare-central/build/simple_nav2
[7.882s] Level 1:colcon.colcon_core.environment:create_environment_scripts_only(simple_nav2)
[7.883s] DEBUG:colcon.colcon_core.event_handler.log_command:Invoked command in '/home/blaine/GrizzHack/icare-central/build/simple_nav2' returned '0': CMAKE_PREFIX_PATH=${CMAKE_PREFIX_PATH}:/home/blaine/WayneHacks3/360_Cam_Lidar_Fusion/install/fusion:/home/blaine/ros2_ws/install/simulation:/home/blaine/ros2_ws/install/shanti_bringup:/home/blaine/ros2_ws/install/shanti_base:/home/blaine/ros2_ws/install/serial_coms:/home/blaine/ros2_ws/install/perception:/home/blaine/ros2_ws/install/omnivision:/home/blaine/ros2_ws/install/nav_bringup:/home/blaine/ros2_ws/install/localization_bringup:/home/blaine/ros2_ws/install/line_follow:/home/blaine/ros2_ws/install/360_vision_fusion:/opt/ros/humble /home/blaine/.local/bin/cmake --install /home/blaine/GrizzHack/icare-central/build/simple_nav2
[7.884s] Level 1:colcon.colcon_core.environment:checking '/home/blaine/GrizzHack/icare-central/install/simple_nav2' for CMake module files
[7.884s] Level 1:colcon.colcon_core.environment:checking '/home/blaine/GrizzHack/icare-central/install/simple_nav2' for CMake config files
[7.884s] Level 1:colcon.colcon_core.shell:create_environment_hook('simple_nav2', 'cmake_prefix_path')
[7.884s] INFO:colcon.colcon_core.shell:Creating environment hook '/home/blaine/GrizzHack/icare-central/install/simple_nav2/share/simple_nav2/hook/cmake_prefix_path.ps1'
[7.884s] INFO:colcon.colcon_core.shell:Creating environment descriptor '/home/blaine/GrizzHack/icare-central/install/simple_nav2/share/simple_nav2/hook/cmake_prefix_path.dsv'
[7.884s] INFO:colcon.colcon_core.shell:Creating environment hook '/home/blaine/GrizzHack/icare-central/install/simple_nav2/share/simple_nav2/hook/cmake_prefix_path.sh'
[7.885s] Level 1:colcon.colcon_core.environment:checking '/home/blaine/GrizzHack/icare-central/install/simple_nav2/lib'
[7.885s] Level 1:colcon.colcon_core.environment:checking '/home/blaine/GrizzHack/icare-central/install/simple_nav2/bin'
[7.885s] Level 1:colcon.colcon_core.environment:checking '/home/blaine/GrizzHack/icare-central/install/simple_nav2/lib/pkgconfig/simple_nav2.pc'
[7.885s] Level 1:colcon.colcon_core.environment:checking '/home/blaine/GrizzHack/icare-central/install/simple_nav2/lib/python3.10/site-packages'
[7.885s] Level 1:colcon.colcon_core.environment:checking '/home/blaine/GrizzHack/icare-central/install/simple_nav2/bin'
[7.885s] INFO:colcon.colcon_core.shell:Creating package script '/home/blaine/GrizzHack/icare-central/install/simple_nav2/share/simple_nav2/package.ps1'
[7.885s] INFO:colcon.colcon_core.shell:Creating package descriptor '/home/blaine/GrizzHack/icare-central/install/simple_nav2/share/simple_nav2/package.dsv'
[7.886s] INFO:colcon.colcon_core.shell:Creating package script '/home/blaine/GrizzHack/icare-central/install/simple_nav2/share/simple_nav2/package.sh'
[7.886s] INFO:colcon.colcon_core.shell:Creating package script '/home/blaine/GrizzHack/icare-central/install/simple_nav2/share/simple_nav2/package.bash'
[7.886s] INFO:colcon.colcon_core.shell:Creating package script '/home/blaine/GrizzHack/icare-central/install/simple_nav2/share/simple_nav2/package.zsh'
[7.886s] Level 1:colcon.colcon_core.environment:create_file_with_runtime_dependencies(/home/blaine/GrizzHack/icare-central/install/simple_nav2/share/colcon-core/packages/simple_nav2)
[7.887s] Level 1:colcon.colcon_core.environment:create_environment_scripts_only(simple_nav2)
[7.887s] Level 1:colcon.colcon_core.environment:checking '/home/blaine/GrizzHack/icare-central/install/simple_nav2' for CMake module files
[7.887s] Level 1:colcon.colcon_core.environment:checking '/home/blaine/GrizzHack/icare-central/install/simple_nav2' for CMake config files
[7.887s] Level 1:colcon.colcon_core.shell:create_environment_hook('simple_nav2', 'cmake_prefix_path')
[7.887s] INFO:colcon.colcon_core.shell:Creating environment hook '/home/blaine/GrizzHack/icare-central/install/simple_nav2/share/simple_nav2/hook/cmake_prefix_path.ps1'
[7.887s] INFO:colcon.colcon_core.shell:Creating environment descriptor '/home/blaine/GrizzHack/icare-central/install/simple_nav2/share/simple_nav2/hook/cmake_prefix_path.dsv'
[7.887s] INFO:colcon.colcon_core.shell:Creating environment hook '/home/blaine/GrizzHack/icare-central/install/simple_nav2/share/simple_nav2/hook/cmake_prefix_path.sh'
[7.887s] Level 1:colcon.colcon_core.environment:checking '/home/blaine/GrizzHack/icare-central/install/simple_nav2/lib'
[7.887s] Level 1:colcon.colcon_core.environment:checking '/home/blaine/GrizzHack/icare-central/install/simple_nav2/bin'
[7.887s] Level 1:colcon.colcon_core.environment:checking '/home/blaine/GrizzHack/icare-central/install/simple_nav2/lib/pkgconfig/simple_nav2.pc'
[7.888s] Level 1:colcon.colcon_core.environment:checking '/home/blaine/GrizzHack/icare-central/install/simple_nav2/lib/python3.10/site-packages'
[7.888s] Level 1:colcon.colcon_core.environment:checking '/home/blaine/GrizzHack/icare-central/install/simple_nav2/bin'
[7.888s] INFO:colcon.colcon_core.shell:Creating package script '/home/blaine/GrizzHack/icare-central/install/simple_nav2/share/simple_nav2/package.ps1'
[7.888s] INFO:colcon.colcon_core.shell:Creating package descriptor '/home/blaine/GrizzHack/icare-central/install/simple_nav2/share/simple_nav2/package.dsv'
[7.894s] INFO:colcon.colcon_core.shell:Creating package script '/home/blaine/GrizzHack/icare-central/install/simple_nav2/share/simple_nav2/package.sh'
[7.895s] INFO:colcon.colcon_core.shell:Creating package script '/home/blaine/GrizzHack/icare-central/install/simple_nav2/share/simple_nav2/package.bash'
[7.895s] INFO:colcon.colcon_core.shell:Creating package script '/home/blaine/GrizzHack/icare-central/install/simple_nav2/share/simple_nav2/package.zsh'
[7.895s] Level 1:colcon.colcon_core.environment:create_file_with_runtime_dependencies(/home/blaine/GrizzHack/icare-central/install/simple_nav2/share/colcon-core/packages/simple_nav2)
[7.895s] DEBUG:colcon.colcon_parallel_executor.executor.parallel:closing loop
[7.895s] DEBUG:colcon.colcon_parallel_executor.executor.parallel:loop closed
[7.895s] DEBUG:colcon.colcon_parallel_executor.executor.parallel:run_until_complete finished with '0'
[7.895s] DEBUG:colcon.colcon_core.event_reactor:joining thread
[7.898s] INFO:colcon.colcon_core.plugin_system:Skipping extension 'colcon_notification.desktop_notification.terminal_notifier': Not used on non-Darwin systems
[7.898s] INFO:colcon.colcon_core.plugin_system:Skipping extension 'colcon_notification.desktop_notification.win32': Not used on non-Windows systems
[7.898s] INFO:colcon.colcon_notification.desktop_notification:Sending desktop notification using 'notify2'
[7.907s] DEBUG:colcon.colcon_core.event_reactor:joined thread
[7.907s] INFO:colcon.colcon_core.shell:Creating prefix script '/home/blaine/GrizzHack/icare-central/install/local_setup.ps1'
[7.907s] INFO:colcon.colcon_core.shell:Creating prefix util module '/home/blaine/GrizzHack/icare-central/install/_local_setup_util_ps1.py'
[7.908s] INFO:colcon.colcon_core.shell:Creating prefix chain script '/home/blaine/GrizzHack/icare-central/install/setup.ps1'
[7.908s] INFO:colcon.colcon_core.shell:Creating prefix script '/home/blaine/GrizzHack/icare-central/install/local_setup.sh'
[7.909s] INFO:colcon.colcon_core.shell:Creating prefix util module '/home/blaine/GrizzHack/icare-central/install/_local_setup_util_sh.py'
[7.909s] INFO:colcon.colcon_core.shell:Creating prefix chain script '/home/blaine/GrizzHack/icare-central/install/setup.sh'
[7.909s] INFO:colcon.colcon_core.shell:Creating prefix script '/home/blaine/GrizzHack/icare-central/install/local_setup.bash'
[7.910s] INFO:colcon.colcon_core.shell:Creating prefix chain script '/home/blaine/GrizzHack/icare-central/install/setup.bash'
[7.910s] INFO:colcon.colcon_core.shell:Creating prefix script '/home/blaine/GrizzHack/icare-central/install/local_setup.zsh'
[7.910s] INFO:colcon.colcon_core.shell:Creating prefix chain script '/home/blaine/GrizzHack/icare-central/install/setup.zsh'
