[0.007s] Invoking command in '/home/blaine/GrizzHack/icare-central/build/simple_nav2': CMAKE_PREFIX_PATH=${CMAKE_PREFIX_PATH}:/home/blaine/WayneHacks3/360_Cam_Lidar_Fusion/install/fusion:/home/blaine/ros2_ws/install/simulation:/home/blaine/ros2_ws/install/shanti_bringup:/home/blaine/ros2_ws/install/shanti_base:/home/blaine/ros2_ws/install/serial_coms:/home/blaine/ros2_ws/install/perception:/home/blaine/ros2_ws/install/omnivision:/home/blaine/ros2_ws/install/nav_bringup:/home/blaine/ros2_ws/install/localization_bringup:/home/blaine/ros2_ws/install/line_follow:/home/blaine/ros2_ws/install/360_vision_fusion:/opt/ros/humble /home/blaine/.local/bin/cmake --build /home/blaine/GrizzHack/icare-central/build/simple_nav2 -- -j32 -l32
[0.044s] [100%] Built target dwa_nav_node
[0.051s] Invoked command in '/home/blaine/GrizzHack/icare-central/build/simple_nav2' returned '0': CMAKE_PREFIX_PATH=${CMAKE_PREFIX_PATH}:/home/blaine/WayneHacks3/360_Cam_Lidar_Fusion/install/fusion:/home/blaine/ros2_ws/install/simulation:/home/blaine/ros2_ws/install/shanti_bringup:/home/blaine/ros2_ws/install/shanti_base:/home/blaine/ros2_ws/install/serial_coms:/home/blaine/ros2_ws/install/perception:/home/blaine/ros2_ws/install/omnivision:/home/blaine/ros2_ws/install/nav_bringup:/home/blaine/ros2_ws/install/localization_bringup:/home/blaine/ros2_ws/install/line_follow:/home/blaine/ros2_ws/install/360_vision_fusion:/opt/ros/humble /home/blaine/.local/bin/cmake --build /home/blaine/GrizzHack/icare-central/build/simple_nav2 -- -j32 -l32
[0.070s] Invoking command in '/home/blaine/GrizzHack/icare-central/build/simple_nav2': CMAKE_PREFIX_PATH=${CMAKE_PREFIX_PATH}:/home/blaine/WayneHacks3/360_Cam_Lidar_Fusion/install/fusion:/home/blaine/ros2_ws/install/simulation:/home/blaine/ros2_ws/install/shanti_bringup:/home/blaine/ros2_ws/install/shanti_base:/home/blaine/ros2_ws/install/serial_coms:/home/blaine/ros2_ws/install/perception:/home/blaine/ros2_ws/install/omnivision:/home/blaine/ros2_ws/install/nav_bringup:/home/blaine/ros2_ws/install/localization_bringup:/home/blaine/ros2_ws/install/line_follow:/home/blaine/ros2_ws/install/360_vision_fusion:/opt/ros/humble /home/blaine/.local/bin/cmake --install /home/blaine/GrizzHack/icare-central/build/simple_nav2
[0.087s] -- Install configuration: ""
[0.087s] -- Up-to-date: /home/blaine/GrizzHack/icare-central/install/simple_nav2/lib/simple_nav2/dwa_nav_node
[0.087s] -- Up-to-date: /home/blaine/GrizzHack/icare-central/install/simple_nav2/share/simple_nav2/launch
[0.087s] -- Up-to-date: /home/blaine/GrizzHack/icare-central/install/simple_nav2/share/simple_nav2/launch/dwa_nav.launch.py
[0.087s] -- Up-to-date: /home/blaine/GrizzHack/icare-central/install/simple_nav2/share/simple_nav2/launch/simple_nav.launch.py
[0.087s] -- Up-to-date: /home/blaine/GrizzHack/icare-central/install/simple_nav2/share/simple_nav2/config
[0.087s] -- Up-to-date: /home/blaine/GrizzHack/icare-central/install/simple_nav2/share/simple_nav2/config/nav2_params.yaml
[0.087s] -- Up-to-date: /home/blaine/GrizzHack/icare-central/install/simple_nav2/share/ament_index/resource_index/package_run_dependencies/simple_nav2
[0.087s] -- Up-to-date: /home/blaine/GrizzHack/icare-central/install/simple_nav2/share/ament_index/resource_index/parent_prefix_path/simple_nav2
[0.087s] -- Up-to-date: /home/blaine/GrizzHack/icare-central/install/simple_nav2/share/simple_nav2/environment/ament_prefix_path.sh
[0.088s] -- Up-to-date: /home/blaine/GrizzHack/icare-central/install/simple_nav2/share/simple_nav2/environment/ament_prefix_path.dsv
[0.088s] -- Up-to-date: /home/blaine/GrizzHack/icare-central/install/simple_nav2/share/simple_nav2/environment/path.sh
[0.088s] -- Up-to-date: /home/blaine/GrizzHack/icare-central/install/simple_nav2/share/simple_nav2/environment/path.dsv
[0.088s] -- Up-to-date: /home/blaine/GrizzHack/icare-central/install/simple_nav2/share/simple_nav2/local_setup.bash
[0.088s] -- Up-to-date: /home/blaine/GrizzHack/icare-central/install/simple_nav2/share/simple_nav2/local_setup.sh
[0.088s] -- Up-to-date: /home/blaine/GrizzHack/icare-central/install/simple_nav2/share/simple_nav2/local_setup.zsh
[0.088s] -- Up-to-date: /home/blaine/GrizzHack/icare-central/install/simple_nav2/share/simple_nav2/local_setup.dsv
[0.088s] -- Installing: /home/blaine/GrizzHack/icare-central/install/simple_nav2/share/simple_nav2/package.dsv
[0.088s] -- Up-to-date: /home/blaine/GrizzHack/icare-central/install/simple_nav2/share/ament_index/resource_index/packages/simple_nav2
[0.088s] -- Up-to-date: /home/blaine/GrizzHack/icare-central/install/simple_nav2/share/simple_nav2/cmake/simple_nav2Config.cmake
[0.088s] -- Up-to-date: /home/blaine/GrizzHack/icare-central/install/simple_nav2/share/simple_nav2/cmake/simple_nav2Config-version.cmake
[0.088s] -- Up-to-date: /home/blaine/GrizzHack/icare-central/install/simple_nav2/share/simple_nav2/package.xml
[0.090s] Invoked command in '/home/blaine/GrizzHack/icare-central/build/simple_nav2' returned '0': CMAKE_PREFIX_PATH=${CMAKE_PREFIX_PATH}:/home/blaine/WayneHacks3/360_Cam_Lidar_Fusion/install/fusion:/home/blaine/ros2_ws/install/simulation:/home/blaine/ros2_ws/install/shanti_bringup:/home/blaine/ros2_ws/install/shanti_base:/home/blaine/ros2_ws/install/serial_coms:/home/blaine/ros2_ws/install/perception:/home/blaine/ros2_ws/install/omnivision:/home/blaine/ros2_ws/install/nav_bringup:/home/blaine/ros2_ws/install/localization_bringup:/home/blaine/ros2_ws/install/line_follow:/home/blaine/ros2_ws/install/360_vision_fusion:/opt/ros/humble /home/blaine/.local/bin/cmake --install /home/blaine/GrizzHack/icare-central/build/simple_nav2
