[ 50%] [32mBuilding CXX object CMakeFiles/dwa_nav_node.dir/src/dwa_nav_node.cpp.o[0m
[100%] [32m[1mLinking CXX executable dwa_nav_node[0m
[100%] Built target dwa_nav_node
-- Install configuration: ""
-- Installing: /home/blaine/GrizzHack/icare-central/install/simple_nav2/lib/simple_nav2/dwa_nav_node
-- Set runtime path of "/home/blaine/GrizzHack/icare-central/install/simple_nav2/lib/simple_nav2/dwa_nav_node" to ""
-- Up-to-date: /home/blaine/GrizzHack/icare-central/install/simple_nav2/share/simple_nav2/launch
-- Up-to-date: /home/blaine/GrizzHack/icare-central/install/simple_nav2/share/simple_nav2/launch/dwa_nav.launch.py
-- Up-to-date: /home/blaine/GrizzHack/icare-central/install/simple_nav2/share/simple_nav2/launch/simple_nav.launch.py
-- Up-to-date: /home/blaine/GrizzHack/icare-central/install/simple_nav2/share/simple_nav2/config
-- Up-to-date: /home/blaine/GrizzHack/icare-central/install/simple_nav2/share/simple_nav2/config/nav2_params.yaml
-- Up-to-date: /home/blaine/GrizzHack/icare-central/install/simple_nav2/share/ament_index/resource_index/package_run_dependencies/simple_nav2
-- Up-to-date: /home/blaine/GrizzHack/icare-central/install/simple_nav2/share/ament_index/resource_index/parent_prefix_path/simple_nav2
-- Up-to-date: /home/blaine/GrizzHack/icare-central/install/simple_nav2/share/simple_nav2/environment/ament_prefix_path.sh
-- Up-to-date: /home/blaine/GrizzHack/icare-central/install/simple_nav2/share/simple_nav2/environment/ament_prefix_path.dsv
-- Up-to-date: /home/blaine/GrizzHack/icare-central/install/simple_nav2/share/simple_nav2/environment/path.sh
-- Up-to-date: /home/blaine/GrizzHack/icare-central/install/simple_nav2/share/simple_nav2/environment/path.dsv
-- Up-to-date: /home/blaine/GrizzHack/icare-central/install/simple_nav2/share/simple_nav2/local_setup.bash
-- Up-to-date: /home/blaine/GrizzHack/icare-central/install/simple_nav2/share/simple_nav2/local_setup.sh
-- Up-to-date: /home/blaine/GrizzHack/icare-central/install/simple_nav2/share/simple_nav2/local_setup.zsh
-- Up-to-date: /home/blaine/GrizzHack/icare-central/install/simple_nav2/share/simple_nav2/local_setup.dsv
-- Installing: /home/blaine/GrizzHack/icare-central/install/simple_nav2/share/simple_nav2/package.dsv
-- Up-to-date: /home/blaine/GrizzHack/icare-central/install/simple_nav2/share/ament_index/resource_index/packages/simple_nav2
-- Up-to-date: /home/blaine/GrizzHack/icare-central/install/simple_nav2/share/simple_nav2/cmake/simple_nav2Config.cmake
-- Up-to-date: /home/blaine/GrizzHack/icare-central/install/simple_nav2/share/simple_nav2/cmake/simple_nav2Config-version.cmake
-- Up-to-date: /home/blaine/GrizzHack/icare-central/install/simple_nav2/share/simple_nav2/package.xml
